2017-07-19 22:58:28 Debug: jsonPost
2017-07-19 22:58:28 Debug: Array
(
    [list] => ok
)

2017-07-19 22:58:30 Debug: post
2017-07-19 22:58:30 Debug: Array
(
    [place_id] => 1
)

2017-07-19 22:58:33 Debug: jsonPost
2017-07-19 22:58:33 Debug: Array
(
    [list] => ok
)

2017-07-19 22:58:36 Debug: post
2017-07-19 22:58:36 Debug: Array
(
    [place_id] => 1
)

2017-07-19 22:58:45 Debug: jsonPost
2017-07-19 22:58:45 Debug: Array
(
    [list] => ok
)

2017-07-19 22:59:16 Debug: get image post
2017-07-19 22:59:16 Debug: Array
(
    [id] => 38
)

2017-07-19 22:59:16 Debug: image
2017-07-19 22:59:16 Debug: {
    "id": 38,
    "place_id": 1,
    "place": {
        "id": 1,
        "name": "Lugar A",
        "x": "10",
        "y": "10"
    }
}
2017-07-19 22:59:23 Debug: jsonPost
2017-07-19 22:59:23 Debug: Array
(
    [query] => B
)

2017-07-19 22:59:24 Debug: jsonPost
2017-07-19 22:59:24 Debug: Array
(
    [query] => B
)

2017-07-19 22:59:24 Debug: jsonPost
2017-07-19 22:59:24 Debug: Array
(
    [query] => B 
)

2017-07-19 22:59:26 Debug: jsonPost
2017-07-19 22:59:26 Debug: Array
(
    [query] => B
)

2017-07-19 22:59:27 Debug: jsonPost
2017-07-19 22:59:27 Debug: Array
(
    [query] => 2
)

2017-07-19 23:06:22 Debug: get image post
2017-07-19 23:06:22 Debug: Array
(
    [id] => 40
)

2017-07-19 23:06:22 Debug: image
2017-07-19 23:06:22 Debug: {
    "id": 40,
    "place_id": 2,
    "place": {
        "id": 2,
        "name": "Lugar B",
        "x": "0",
        "y": "0"
    }
}
2017-07-19 23:13:09 Debug: jsonPost
2017-07-19 23:13:09 Debug: Array
(
    [list] => ok
)

2017-07-19 23:13:33 Debug: get image post
2017-07-19 23:13:33 Debug: Array
(
    [id] => 38
)

2017-07-19 23:13:33 Debug: image
2017-07-19 23:13:33 Debug: {
    "id": 38,
    "place_id": 1,
    "place": {
        "id": 1,
        "name": "Lugar A",
        "x": "10",
        "y": "10"
    }
}
2017-07-19 23:16:16 Debug: jsonPost
2017-07-19 23:16:16 Debug: Array
(
    [list] => ok
)

2017-07-19 23:16:36 Debug: get image post
2017-07-19 23:16:36 Debug: Array
(
    [id] => 38
)

2017-07-19 23:16:36 Debug: image
2017-07-19 23:16:36 Debug: {
    "id": 38,
    "place_id": 1,
    "place": {
        "id": 1,
        "name": "Lugar A",
        "x": "10",
        "y": "10"
    }
}
2017-07-19 23:16:54 Debug: jsonPost
2017-07-19 23:16:54 Debug: Array
(
    [query] => B
)

2017-07-19 23:16:55 Debug: jsonPost
2017-07-19 23:16:55 Debug: Array
(
    [query] => 2
)

2017-07-19 23:17:42 Debug: get image post
2017-07-19 23:17:42 Debug: Array
(
    [id] => 38
)

2017-07-19 23:17:42 Debug: image
2017-07-19 23:17:42 Debug: {
    "id": 38,
    "place_id": 1,
    "place": {
        "id": 1,
        "name": "Lugar A",
        "x": "10",
        "y": "10"
    }
}
2017-07-20 01:07:35 Debug: jsonPost
2017-07-20 01:07:35 Debug: Array
(
    [list] => ok
)

2017-07-20 22:05:52 Debug: get image post
2017-07-20 22:05:52 Debug: Array
(
    [id] => 41
)

2017-07-20 22:05:52 Debug: image
2017-07-20 22:05:52 Debug: {
    "id": 41,
    "place_id": 2,
    "place": {
        "id": 2,
        "name": "Lugar B",
        "x": "0",
        "y": "0"
    }
}
2017-07-20 22:06:05 Debug: jsonPost
2017-07-20 22:06:05 Debug: Array
(
    [query] => L
)

2017-07-20 22:06:06 Debug: jsonPost
2017-07-20 22:06:06 Debug: Array
(
    [query] => Lu
)

2017-07-20 22:06:08 Debug: jsonPost
2017-07-20 22:06:08 Debug: Array
(
    [query] => L
)

2017-07-20 22:06:10 Debug: jsonPost
2017-07-20 22:06:10 Debug: Array
(
    [query] => B
)

2017-07-20 22:06:13 Debug: jsonPost
2017-07-20 22:06:13 Debug: Array
(
    [query] => L
)

2017-07-20 22:06:15 Debug: jsonPost
2017-07-20 22:06:15 Debug: Array
(
    [query] => Lu
)

2017-07-20 22:06:29 Debug: jsonPost
2017-07-20 22:06:29 Debug: Array
(
    [query] => 3
)

2017-07-20 22:06:31 Debug: jsonPost
2017-07-20 22:06:31 Debug: Array
(
    [query] => Lugar C
)

2017-07-20 22:06:33 Debug: jsonPost
2017-07-20 22:06:33 Debug: Array
(
    [query] => Lugar 
)

2017-07-20 22:06:35 Debug: jsonPost
2017-07-20 22:06:35 Debug: Array
(
    [query] => Lugar
)

2017-07-20 22:06:37 Debug: jsonPost
2017-07-20 22:06:37 Debug: Array
(
    [query] => 1
)

2017-07-20 22:06:38 Debug: jsonPost
2017-07-20 22:06:38 Debug: Array
(
    [query] => Lugar A
)

2017-07-20 22:06:44 Debug: jsonPost
2017-07-20 22:06:44 Debug: Array
(
    [query] => 1
)

2017-07-20 22:08:45 Debug: jsonPost
2017-07-20 22:08:45 Debug: Array
(
    [query] => C
)

2017-07-20 22:08:46 Debug: jsonPost
2017-07-20 22:08:46 Debug: Array
(
    [query] => 3
)

2017-07-20 22:09:29 Debug: jsonPost
2017-07-20 22:09:29 Debug: Array
(
    [query] => C
)

2017-07-20 22:09:30 Debug: jsonPost
2017-07-20 22:09:30 Debug: Array
(
    [query] => 3
)

2017-07-20 22:09:50 Debug: jsonPost
2017-07-20 22:09:50 Debug: Array
(
    [query] => B
)

2017-07-20 22:09:51 Debug: jsonPost
2017-07-20 22:09:51 Debug: Array
(
    [query] => 2
)

2017-07-20 22:10:01 Debug: jsonPost
2017-07-20 22:10:01 Debug: Array
(
    [query] => L
)

2017-07-20 22:10:03 Debug: jsonPost
2017-07-20 22:10:03 Debug: Array
(
    [query] => A
)

2017-07-20 22:10:04 Debug: jsonPost
2017-07-20 22:10:04 Debug: Array
(
    [query] => 1
)

2017-07-20 22:10:57 Debug: jsonPost
2017-07-20 22:10:57 Debug: Array
(
    [query] => C
)

2017-07-20 22:10:58 Debug: jsonPost
2017-07-20 22:10:58 Debug: Array
(
    [query] => 3
)

2017-07-20 22:12:08 Debug: jsonPost
2017-07-20 22:12:08 Debug: Array
(
    [query] => C
)

2017-07-20 22:12:09 Debug: jsonPost
2017-07-20 22:12:09 Debug: Array
(
    [query] => 3
)

2017-07-20 22:13:58 Debug: jsonPost
2017-07-20 22:13:58 Debug: Array
(
    [query] => C
)

2017-07-20 22:13:59 Debug: jsonPost
2017-07-20 22:13:59 Debug: Array
(
    [query] => 3
)

2017-07-20 22:14:40 Debug: jsonPost
2017-07-20 22:14:40 Debug: Array
(
    [query] => C
)

2017-07-20 22:14:41 Debug: jsonPost
2017-07-20 22:14:41 Debug: Array
(
    [query] => 3
)

2017-07-20 22:19:55 Debug: get image post
2017-07-20 22:19:55 Debug: Array
(
    [id] => 41
)

2017-07-20 22:19:55 Debug: image
2017-07-20 22:19:55 Debug: {
    "id": 41,
    "place_id": 2,
    "place": {
        "id": 2,
        "name": "Lugar B",
        "x": "0",
        "y": "0"
    }
}
2017-07-20 22:20:01 Debug: jsonPost
2017-07-20 22:20:01 Debug: Array
(
    [query] => C
)

2017-07-20 22:20:02 Debug: jsonPost
2017-07-20 22:20:02 Debug: Array
(
    [query] => 3
)

2017-07-20 22:48:05 Debug: get image post
2017-07-20 22:48:05 Debug: Array
(
    [id] => 38
)

2017-07-20 22:48:05 Debug: image
2017-07-20 22:48:05 Debug: {
    "id": 38,
    "place_id": 1,
    "place": {
        "id": 1,
        "name": "Lugar A",
        "x": "10",
        "y": "10"
    }
}
2017-07-20 22:48:12 Debug: jsonPost
2017-07-20 22:48:12 Debug: Array
(
    [query] => C
)

2017-07-20 22:48:13 Debug: jsonPost
2017-07-20 22:48:13 Debug: Array
(
    [query] => 3
)

2017-07-21 00:23:58 Debug: jsonPost
2017-07-21 00:23:58 Debug: Array
(
    [list] => ok
)

2017-07-21 00:24:01 Debug: post
2017-07-21 00:24:01 Debug: Array
(
    [place_id] => 3
)

2017-07-21 00:24:02 Debug: Post
2017-07-21 00:24:02 Debug: Array
(
    [place_id] => 3
)

2017-07-21 00:26:56 Debug: jsonPost
2017-07-21 00:26:56 Debug: Array
(
    [list] => ok
)

2017-07-21 00:26:58 Debug: post
2017-07-21 00:26:58 Debug: Array
(
    [place_id] => 3
)

2017-07-21 00:27:10 Debug: Post
2017-07-21 00:27:10 Debug: Array
(
    [place_id] => 3
)

2017-07-21 00:30:02 Debug: jsonPost
2017-07-21 00:30:02 Debug: Array
(
    [list] => ok
)

2017-07-21 00:30:04 Debug: post
2017-07-21 00:30:04 Debug: Array
(
    [place_id] => 3
)

2017-07-21 00:30:12 Debug: jsonPost
2017-07-21 00:30:12 Debug: Array
(
    [list] => ok
)

2017-07-21 00:30:15 Debug: post
2017-07-21 00:30:15 Debug: Array
(
    [place_id] => 3
)

2017-07-21 00:30:17 Debug: Post
2017-07-21 00:30:17 Debug: Array
(
    [place_id] => 3
)

2017-07-21 00:32:27 Debug: jsonPost
2017-07-21 00:32:27 Debug: Array
(
    [list] => ok
)

2017-07-21 00:32:29 Debug: post
2017-07-21 00:32:29 Debug: Array
(
    [place_id] => 3
)

2017-07-21 00:32:31 Debug: Post
2017-07-21 00:32:31 Debug: Array
(
    [place_id] => 3
)

2017-07-21 00:37:13 Debug: jsonPost
2017-07-21 00:37:13 Debug: Array
(
    [list] => ok
)

2017-07-21 00:37:15 Debug: post
2017-07-21 00:37:15 Debug: Array
(
    [place_id] => 3
)

2017-07-21 00:37:17 Debug: Post
2017-07-21 00:37:17 Debug: Array
(
    [place_id] => 3
)

2017-07-21 00:39:45 Debug: jsonPost
2017-07-21 00:39:45 Debug: Array
(
    [list] => ok
)

2017-07-21 00:39:46 Debug: post
2017-07-21 00:39:46 Debug: Array
(
    [place_id] => 3
)

2017-07-21 00:39:48 Debug: Post
2017-07-21 00:39:48 Debug: Array
(
    [place_id] => 3
)

2017-07-21 00:43:09 Debug: jsonPost
2017-07-21 00:43:09 Debug: Array
(
    [list] => ok
)

2017-07-21 00:43:11 Debug: post
2017-07-21 00:43:11 Debug: Array
(
    [place_id] => 3
)

2017-07-21 00:43:13 Debug: Post
2017-07-21 00:43:13 Debug: Array
(
    [place_id] => 3
)

2017-07-21 00:43:27 Debug: jsonPost
2017-07-21 00:43:27 Debug: Array
(
    [list] => ok
)

2017-07-21 00:43:28 Debug: post
2017-07-21 00:43:28 Debug: Array
(
    [place_id] => 3
)

2017-07-21 00:43:40 Debug: jsonPost
2017-07-21 00:43:40 Debug: Array
(
    [list] => ok
)

2017-07-21 00:43:42 Debug: post
2017-07-21 00:43:42 Debug: Array
(
    [place_id] => 3
)

2017-07-21 01:26:11 Debug: jsonPost
2017-07-21 01:26:11 Debug: Array
(
    [list] => ok
)

2017-07-21 01:26:13 Debug: post
2017-07-21 01:26:13 Debug: Array
(
    [place_id] => 3
)

2017-07-21 01:26:17 Debug: Post
2017-07-21 01:26:17 Debug: Array
(
    [place_id] => 3
)

2017-07-21 01:51:01 Debug: jsonPost
2017-07-21 01:51:01 Debug: Array
(
    [list] => ok
)

2017-07-21 01:51:04 Debug: post
2017-07-21 01:51:04 Debug: Array
(
    [place_id] => 3
)

2017-07-21 01:51:08 Debug: Post
2017-07-21 01:51:08 Debug: Array
(
    [place_id] => 3
)

2017-07-21 01:52:37 Debug: jsonPost
2017-07-21 01:52:37 Debug: Array
(
    [list] => ok
)

2017-07-21 01:52:39 Debug: post
2017-07-21 01:52:39 Debug: Array
(
    [place_id] => 3
)

2017-07-21 01:52:53 Debug: jsonPost
2017-07-21 01:52:53 Debug: Array
(
    [list] => ok
)

2017-07-21 01:52:56 Debug: post
2017-07-21 01:52:56 Debug: Array
(
    [place_id] => 3
)

2017-07-21 01:53:02 Debug: Post
2017-07-21 01:53:02 Debug: Array
(
    [place_id] => 3
)

2017-07-21 02:05:11 Debug: jsonPost
2017-07-21 02:05:11 Debug: Array
(
    [list] => ok
)

2017-07-21 02:05:13 Debug: post
2017-07-21 02:05:13 Debug: Array
(
    [place_id] => 3
)

2017-07-21 02:05:19 Debug: Post
2017-07-21 02:05:19 Debug: Array
(
    [place_id] => 3
)

2017-07-21 18:46:36 Debug: jsonPost
2017-07-21 18:46:36 Debug: Array
(
    [list] => ok
)

2017-07-21 18:46:49 Debug: post
2017-07-21 18:46:49 Debug: Array
(
    [place_id] => 1
)

2017-07-21 18:46:54 Debug: Post
2017-07-21 18:46:54 Debug: Array
(
    [place_id] => 1
)

2017-07-21 18:47:51 Debug: jsonPost
2017-07-21 18:47:51 Debug: Array
(
    [list] => ok
)

2017-07-21 18:47:52 Debug: post
2017-07-21 18:47:52 Debug: Array
(
    [place_id] => 1
)

2017-07-21 18:47:57 Debug: Post
2017-07-21 18:47:57 Debug: Array
(
    [place_id] => 1
)

2017-07-21 18:48:17 Debug: jsonPost
2017-07-21 18:48:17 Debug: Array
(
    [list] => ok
)

2017-07-21 18:48:18 Debug: post
2017-07-21 18:48:18 Debug: Array
(
    [place_id] => 1
)

2017-07-21 18:48:26 Debug: jsonPost
2017-07-21 18:48:26 Debug: Array
(
    [list] => ok
)

2017-07-21 18:48:28 Debug: post
2017-07-21 18:48:28 Debug: Array
(
    [place_id] => 2
)

2017-07-21 18:48:29 Debug: Post
2017-07-21 18:48:29 Debug: Array
(
    [place_id] => 2
)

2017-07-21 18:48:45 Debug: jsonPost
2017-07-21 18:48:45 Debug: Array
(
    [list] => ok
)

2017-07-21 18:48:47 Debug: post
2017-07-21 18:48:47 Debug: Array
(
    [place_id] => 2
)

2017-07-21 18:48:48 Debug: Post
2017-07-21 18:48:48 Debug: Array
(
    [place_id] => 2
)

2017-07-21 18:49:00 Debug: jsonPost
2017-07-21 18:49:00 Debug: Array
(
    [list] => ok
)

2017-07-21 18:49:02 Debug: post
2017-07-21 18:49:02 Debug: Array
(
    [place_id] => 2
)

2017-07-21 18:49:07 Debug: jsonPost
2017-07-21 18:49:07 Debug: Array
(
    [list] => ok
)

2017-07-21 18:49:08 Debug: post
2017-07-21 18:49:08 Debug: Array
(
    [place_id] => 3
)

2017-07-21 18:49:19 Debug: Post
2017-07-21 18:49:19 Debug: Array
(
    [place_id] => 3
)

2017-07-21 18:49:43 Debug: jsonPost
2017-07-21 18:49:43 Debug: Array
(
    [list] => ok
)

2017-07-21 18:49:46 Debug: post
2017-07-21 18:49:46 Debug: Array
(
    [place_id] => 3
)

2017-07-21 18:49:48 Debug: Post
2017-07-21 18:49:48 Debug: Array
(
    [place_id] => 3
)

2017-07-21 18:50:32 Debug: get image post
2017-07-21 18:50:32 Debug: Array
(
    [id] => 53
)

2017-07-21 18:50:32 Debug: image
2017-07-21 18:50:32 Debug: {
    "id": 53,
    "place_id": 1,
    "place": {
        "id": 1,
        "name": "Lugar A",
        "x": "10",
        "y": "10"
    }
}
2017-07-21 18:50:44 Debug: jsonPost
2017-07-21 18:50:44 Debug: Array
(
    [query] => C
)

2017-07-21 18:50:45 Debug: jsonPost
2017-07-21 18:50:45 Debug: Array
(
    [query] => 3
)

2017-07-21 18:51:27 Debug: jsonPost
2017-07-21 18:51:27 Debug: Array
(
    [query] => B
)

2017-07-21 18:51:29 Debug: jsonPost
2017-07-21 18:51:29 Debug: Array
(
    [query] => 2
)

2017-07-21 19:00:28 Debug: jsonPost
2017-07-21 19:00:28 Debug: Array
(
    [list] => ok
)

2017-07-21 19:00:31 Debug: post
2017-07-21 19:00:31 Debug: Array
(
    [place_id] => 1
)

2017-07-21 19:00:34 Debug: Post
2017-07-21 19:00:34 Debug: Array
(
    [place_id] => 1
)

2017-07-21 19:00:46 Debug: jsonPost
2017-07-21 19:00:46 Debug: Array
(
    [list] => ok
)

2017-07-21 19:00:48 Debug: post
2017-07-21 19:00:48 Debug: Array
(
    [place_id] => 1
)

2017-07-21 19:04:44 Debug: jsonPost
2017-07-21 19:04:44 Debug: Array
(
    [list] => ok
)

2017-07-21 19:10:48 Debug: jsonPost
2017-07-21 19:10:48 Debug: Array
(
    [list] => ok
)

2017-07-21 19:11:32 Debug: jsonPost
2017-07-21 19:11:32 Debug: Array
(
    [list] => ok
)

2017-07-21 19:28:20 Debug: jsonPost
2017-07-21 19:28:20 Debug: Array
(
    [query] => A
)

2017-07-21 19:28:21 Debug: jsonPost
2017-07-21 19:28:21 Debug: Array
(
    [query] => 1
)

2017-07-21 19:32:43 Debug: jsonPost
2017-07-21 19:32:43 Debug: Array
(
    [list] => ok
)

2017-07-21 19:50:06 Debug: post
2017-07-21 19:50:06 Debug: Array
(
    [place_id] => 1
)

2017-07-21 19:50:16 Debug: jsonPost
2017-07-21 19:50:16 Debug: Array
(
    [list] => ok
)

2017-07-21 19:50:18 Debug: post
2017-07-21 19:50:18 Debug: Array
(
    [place_id] => 1
)

2017-07-21 19:51:23 Debug: jsonPost
2017-07-21 19:51:23 Debug: Array
(
    [list] => ok
)

2017-07-21 19:51:24 Debug: post
2017-07-21 19:51:24 Debug: Array
(
    [place_id] => 1
)

2017-07-21 19:53:04 Debug: jsonPost
2017-07-21 19:53:04 Debug: Array
(
    [list] => ok
)

2017-07-21 19:53:05 Debug: post
2017-07-21 19:53:05 Debug: Array
(
    [place_id] => 1
)

2017-07-21 20:01:17 Debug: jsonPost
2017-07-21 20:01:17 Debug: Array
(
    [list] => ok
)

2017-07-21 20:01:19 Debug: post
2017-07-21 20:01:19 Debug: Array
(
    [place_id] => 1
)

2017-07-21 20:01:22 Debug: Post
2017-07-21 20:01:22 Debug: Array
(
    [place_id] => 1
)

2017-07-21 20:01:38 Debug: jsonPost
2017-07-21 20:01:38 Debug: Array
(
    [list] => ok
)

2017-07-21 20:01:39 Debug: post
2017-07-21 20:01:39 Debug: Array
(
    [place_id] => 1
)

2017-07-21 20:16:21 Debug: jsonPost
2017-07-21 20:16:21 Debug: Array
(
    [list] => ok
)

2017-07-21 20:16:23 Debug: post
2017-07-21 20:16:23 Debug: Array
(
    [place_id] => 1
)

2017-07-21 20:16:26 Debug: Post
2017-07-21 20:16:26 Debug: Array
(
    [place_id] => 1
)

2017-07-21 20:16:44 Debug: jsonPost
2017-07-21 20:16:44 Debug: Array
(
    [list] => ok
)

2017-07-21 20:16:45 Debug: post
2017-07-21 20:16:45 Debug: Array
(
    [place_id] => 1
)

2017-07-21 20:17:43 Debug: jsonPost
2017-07-21 20:17:43 Debug: Array
(
    [list] => ok
)

2017-07-21 20:17:44 Debug: post
2017-07-21 20:17:44 Debug: Array
(
    [place_id] => 1
)

2017-07-21 20:18:08 Debug: jsonPost
2017-07-21 20:18:08 Debug: Array
(
    [list] => ok
)

2017-07-21 20:18:10 Debug: post
2017-07-21 20:18:10 Debug: Array
(
    [place_id] => 1
)

2017-07-21 20:18:28 Debug: jsonPost
2017-07-21 20:18:28 Debug: Array
(
    [list] => ok
)

2017-07-21 20:18:29 Debug: post
2017-07-21 20:18:29 Debug: Array
(
    [place_id] => 1
)

2017-07-21 20:27:03 Debug: jsonPost
2017-07-21 20:27:03 Debug: Array
(
    [list] => ok
)

2017-07-21 20:27:05 Debug: post
2017-07-21 20:27:05 Debug: Array
(
    [place_id] => 1
)

2017-07-21 20:28:38 Debug: jsonPost
2017-07-21 20:28:38 Debug: Array
(
    [list] => ok
)

2017-07-21 20:28:39 Debug: post
2017-07-21 20:28:39 Debug: Array
(
    [place_id] => 1
)

2017-07-21 20:35:25 Debug: jsonPost
2017-07-21 20:35:25 Debug: Array
(
    [list] => ok
)

2017-07-21 20:35:28 Debug: post
2017-07-21 20:35:28 Debug: Array
(
    [place_id] => 1
)

2017-07-21 20:38:45 Debug: jsonPost
2017-07-21 20:38:45 Debug: Array
(
    [list] => ok
)

2017-07-21 20:38:47 Debug: post
2017-07-21 20:38:47 Debug: Array
(
    [place_id] => 1
)

2017-07-21 20:45:33 Debug: jsonPost
2017-07-21 20:45:33 Debug: Array
(
    [list] => ok
)

2017-07-21 20:45:35 Debug: post
2017-07-21 20:45:35 Debug: Array
(
    [place_id] => 1
)

2017-07-21 20:46:27 Debug: jsonPost
2017-07-21 20:46:27 Debug: Array
(
    [list] => ok
)

2017-07-21 20:46:29 Debug: post
2017-07-21 20:46:29 Debug: Array
(
    [place_id] => 1
)

2017-07-21 20:46:54 Debug: jsonPost
2017-07-21 20:46:54 Debug: Array
(
    [list] => ok
)

2017-07-21 20:46:57 Debug: post
2017-07-21 20:46:57 Debug: Array
(
    [place_id] => 2
)

2017-07-21 20:47:19 Debug: jsonPost
2017-07-21 20:47:19 Debug: Array
(
    [list] => ok
)

2017-07-21 20:47:21 Debug: post
2017-07-21 20:47:21 Debug: Array
(
    [place_id] => 2
)

2017-07-21 20:49:47 Debug: jsonPost
2017-07-21 20:49:47 Debug: Array
(
    [list] => ok
)

2017-07-21 20:49:49 Debug: post
2017-07-21 20:49:49 Debug: Array
(
    [place_id] => 2
)

2017-07-21 20:49:52 Debug: post
2017-07-21 20:49:52 Debug: Array
(
    [place_id] => 2
)

2017-07-21 20:51:27 Debug: jsonPost
2017-07-21 20:51:27 Debug: Array
(
    [list] => ok
)

2017-07-21 20:51:29 Debug: post
2017-07-21 20:51:29 Debug: Array
(
    [place_id] => 3
)

2017-07-21 20:51:33 Debug: post
2017-07-21 20:51:33 Debug: Array
(
    [place_id] => 3
)

2017-07-24 23:47:29 Debug: jsonPost
2017-07-24 23:47:29 Debug: Array
(
    [list] => ok
)

2017-07-24 23:47:31 Debug: post
2017-07-24 23:47:31 Debug: Array
(
    [place_id] => 1
)

2017-07-24 23:47:32 Debug: Post
2017-07-24 23:47:32 Debug: Array
(
    [place_id] => 1
)

2017-07-24 23:47:59 Debug: jsonPost
2017-07-24 23:47:59 Debug: Array
(
    [list] => ok
)

2017-07-24 23:48:00 Debug: post
2017-07-24 23:48:00 Debug: Array
(
    [place_id] => 1
)

2017-07-24 23:48:08 Debug: jsonPost
2017-07-24 23:48:08 Debug: Array
(
    [list] => ok
)

2017-07-24 23:48:11 Debug: post
2017-07-24 23:48:11 Debug: Array
(
    [place_id] => 2
)

2017-07-24 23:48:12 Debug: Post
2017-07-24 23:48:12 Debug: Array
(
    [place_id] => 2
)

2017-07-24 23:48:33 Debug: jsonPost
2017-07-24 23:48:33 Debug: Array
(
    [list] => ok
)

2017-07-24 23:48:34 Debug: post
2017-07-24 23:48:34 Debug: Array
(
    [place_id] => 2
)

2017-07-24 23:49:32 Debug: get image post
2017-07-24 23:49:32 Debug: Array
(
    [id] => 59
)

2017-07-24 23:49:32 Debug: image
2017-07-24 23:49:32 Debug: {
    "id": 59,
    "place_id": 1,
    "place": {
        "id": 1,
        "name": "Lugar A",
        "x": "10",
        "y": "6"
    }
}
2017-07-24 23:49:48 Debug: jsonPost
2017-07-24 23:49:48 Debug: Array
(
    [query] => B
)

2017-07-24 23:49:49 Debug: jsonPost
2017-07-24 23:49:49 Debug: Array
(
    [query] => 2
)

2017-07-25 00:00:52 Debug: jsonPost
2017-07-25 00:00:52 Debug: Array
(
    [list] => ok
)

2017-07-25 00:00:53 Debug: post
2017-07-25 00:00:53 Debug: Array
(
    [place_id] => 1
)

2017-07-25 00:00:55 Debug: Post
2017-07-25 00:00:55 Debug: Array
(
    [place_id] => 1
)

2017-07-25 00:01:04 Debug: post
2017-07-25 00:01:04 Debug: Array
(
    [place_id] => 1
)

2017-07-25 00:01:44 Debug: get image post
2017-07-25 00:01:44 Debug: Array
(
    [id] => 40
)

2017-07-25 00:02:26 Debug: get image post
2017-07-25 00:02:26 Debug: Array
(
    [id] => 60
)

2017-07-25 00:02:26 Debug: image
2017-07-25 00:02:26 Debug: {
    "id": 60,
    "place_id": 2,
    "place": {
        "id": 2,
        "name": "Lugar B",
        "x": "90",
        "y": "78"
    }
}
2017-07-25 00:02:38 Debug: jsonPost
2017-07-25 00:02:38 Debug: Array
(
    [query] => A
)

2017-07-25 00:02:39 Debug: jsonPost
2017-07-25 00:02:39 Debug: Array
(
    [query] => 1
)

2017-07-25 00:04:51 Debug: get image post
2017-07-25 00:04:51 Debug: Array
(
    [id] => 38
)

2017-07-25 00:05:17 Debug: get image post
2017-07-25 00:05:17 Debug: Array
(
    [id] => 38
)

2017-07-25 00:06:22 Debug: get image post
2017-07-25 00:06:22 Debug: Array
(
    [id] => 59
)

2017-07-25 00:06:22 Debug: image
2017-07-25 00:06:22 Debug: {
    "id": 59,
    "place_id": 1,
    "place": {
        "id": 1,
        "name": "Lugar A",
        "x": "10",
        "y": "6"
    }
}
2017-07-25 00:06:41 Debug: jsonPost
2017-07-25 00:06:41 Debug: Array
(
    [query] => B
)

2017-07-25 00:06:43 Debug: jsonPost
2017-07-25 00:06:43 Debug: Array
(
    [query] => 2
)

2017-07-25 00:08:47 Debug: jsonPost
2017-07-25 00:08:47 Debug: Array
(
    [query] => B
)

2017-07-25 00:08:51 Debug: jsonPost
2017-07-25 00:08:51 Debug: Array
(
    [query] => 2
)

2017-07-25 00:32:46 Debug: get image post
2017-07-25 00:32:46 Debug: Array
(
    [id] => 38
)

2017-07-25 00:33:15 Debug: get image post
2017-07-25 00:33:15 Debug: Array
(
    [id] => 59
)

2017-07-25 00:33:15 Debug: image
2017-07-25 00:33:15 Debug: {
    "id": 59,
    "place_id": 1,
    "place": {
        "id": 1,
        "name": "Lugar A",
        "x": "10",
        "y": "6"
    }
}
2017-07-25 00:33:31 Debug: jsonPost
2017-07-25 00:33:31 Debug: Array
(
    [query] => B
)

2017-07-25 00:33:32 Debug: jsonPost
2017-07-25 00:33:32 Debug: Array
(
    [query] => 2
)

2017-07-25 00:34:52 Debug: jsonPost
2017-07-25 00:34:52 Debug: Array
(
    [query] => B
)

2017-07-25 00:34:53 Debug: jsonPost
2017-07-25 00:34:53 Debug: Array
(
    [query] => 2
)

2017-07-27 23:06:38 Debug: jsonPost
2017-07-27 23:06:38 Debug: Array
(
    [list] => ok
)

2017-07-27 23:06:40 Debug: post
2017-07-27 23:06:40 Debug: Array
(
    [place_id] => 1
)

2017-07-27 23:26:58 Debug: jsonPost
2017-07-27 23:26:58 Debug: Array
(
    [list] => ok
)

2017-07-27 23:27:05 Debug: post
2017-07-27 23:27:05 Debug: Array
(
    [place_id] => 1
)

2017-07-27 23:27:18 Debug: jsonPost
2017-07-27 23:27:18 Debug: Array
(
    [list] => ok
)

2017-07-27 23:29:33 Debug: post
2017-07-27 23:29:33 Debug: Array
(
    [place_id] => 4
)

2017-07-27 23:37:24 Debug: jsonPost
2017-07-27 23:37:24 Debug: Array
(
    [query] => L
)

2017-07-27 23:37:25 Debug: jsonPost
2017-07-27 23:37:25 Debug: Array
(
    [query] => Lu
)

2017-07-27 23:37:43 Debug: jsonPost
2017-07-27 23:37:43 Debug: Array
(
    [query] => 1
)

2017-07-28 00:21:17 Debug: jsonPost
2017-07-28 00:21:17 Debug: Array
(
    [list] => ok
)

2017-07-28 00:29:06 Debug: jsonPost
2017-07-28 00:29:06 Debug: Array
(
    [list] => ok
)

2017-07-28 00:31:20 Debug: jsonPost
2017-07-28 00:31:20 Debug: Array
(
    [list] => ok
)

2017-07-28 00:33:36 Debug: jsonPost
2017-07-28 00:33:36 Debug: Array
(
    [list] => ok
)

2017-07-28 00:33:38 Debug: post
2017-07-28 00:33:38 Debug: Array
(
    [place_id] => 2
)

2017-07-28 00:33:47 Debug: jsonPost
2017-07-28 00:33:47 Debug: Array
(
    [list] => ok
)

2017-07-28 00:35:32 Debug: jsonPost
2017-07-28 00:35:32 Debug: Array
(
    [list] => ok
)

2017-07-28 00:35:52 Debug: post
2017-07-28 00:35:52 Debug: Array
(
    [place_id] => 2
)

2017-07-28 00:39:02 Debug: jsonPost
2017-07-28 00:39:02 Debug: Array
(
    [list] => ok
)

2017-07-28 00:44:13 Debug: jsonPost
2017-07-28 00:44:13 Debug: Array
(
    [query] => L
)

2017-07-28 00:44:14 Debug: jsonPost
2017-07-28 00:44:14 Debug: Array
(
    [query] => 2
)

2017-07-28 01:22:36 Debug: jsonPost
2017-07-28 01:22:36 Debug: Array
(
    [list] => ok
)

2017-07-28 01:22:42 Debug: post
2017-07-28 01:22:42 Debug: Array
(
    [place_id] => 1
)

2017-07-31 20:18:11 Debug: jsonPost
2017-07-31 20:18:11 Debug: Array
(
    [list] => ok
)

2017-07-31 20:18:18 Debug: post
2017-07-31 20:18:18 Debug: Array
(
    [place_id] => 1
)

2017-07-31 20:18:28 Debug: post
2017-07-31 20:18:28 Debug: Array
(
    [place_id] => 1
)

2017-07-31 20:18:31 Debug: post
2017-07-31 20:18:31 Debug: Array
(
    [place_id] => 1
)

2017-07-31 20:18:51 Debug: jsonPost
2017-07-31 20:18:51 Debug: Array
(
    [list] => ok
)

2017-07-31 20:18:52 Debug: post
2017-07-31 20:18:52 Debug: Array
(
    [place_id] => 1
)

2017-07-31 20:18:57 Debug: Post
2017-07-31 20:18:57 Debug: Array
(
    [place_id] => 1
)

2017-07-31 20:19:10 Debug: post
2017-07-31 20:19:10 Debug: Array
(
    [place_id] => 1
)

2017-07-31 20:19:26 Debug: jsonPost
2017-07-31 20:19:26 Debug: Array
(
    [list] => ok
)

2017-07-31 20:19:28 Debug: post
2017-07-31 20:19:28 Debug: Array
(
    [place_id] => 2
)

2017-07-31 20:19:36 Debug: post
2017-07-31 20:19:36 Debug: Array
(
    [place_id] => 2
)

2017-07-31 20:19:37 Debug: Post
2017-07-31 20:19:37 Debug: Array
(
    [place_id] => 2
)

2017-07-31 20:19:47 Debug: post
2017-07-31 20:19:47 Debug: Array
(
    [place_id] => 2
)

2017-07-31 20:20:36 Debug: get image post
2017-07-31 20:20:36 Debug: Array
(
    [id] => 63
)

2017-07-31 20:20:36 Debug: image
2017-07-31 20:20:36 Debug: {
    "id": 63,
    "place_id": 2,
    "place": {
        "id": 2,
        "name": "Lugar B",
        "x": "70",
        "y": "70"
    }
}
2017-07-31 20:20:59 Debug: jsonPost
2017-07-31 20:20:59 Debug: Array
(
    [query] => A
)

2017-07-31 20:21:03 Debug: jsonPost
2017-07-31 20:21:03 Debug: Array
(
    [query] => 1
)

2017-07-31 20:22:59 Debug: jsonPost
2017-07-31 20:22:59 Debug: Array
(
    [list] => ok
)

2017-07-31 20:23:50 Debug: post
2017-07-31 20:23:50 Debug: Array
(
    [place_id] => 1
)

2017-07-31 20:27:14 Debug: jsonPost
2017-07-31 20:27:14 Debug: Array
(
    [list] => ok
)

2017-07-31 20:27:27 Debug: post
2017-07-31 20:27:27 Debug: Array
(
    [place_id] => 2
)

2017-07-31 20:27:57 Debug: Post
2017-07-31 20:27:57 Debug: Array
(
    [place_id] => 2
)

